<?xml version="1.0" encoding="UTF-8"?>
<!-- Generated by org.testng.reporters.JUnitReportReporter -->
<testsuite skipped="0" hostname="DESKTOP-04MOS7J" name="com.qa.tests.LoginTests" tests="3" failures="0" timestamp="2020-03-02T17:48:57 IST" time="12.053" errors="0">
  <testcase name="invalidPassword" time="5.179" classname="com.qa.tests.LoginTests"/>
  <system-out/>
  <testcase name="validCredentials" time="4.499" classname="com.qa.tests.LoginTests"/>
  <system-out/>
  <testcase name="invalidUserName" time="2.375" classname="com.qa.tests.LoginTests"/>
  <system-out/>
</testsuite> <!-- com.qa.tests.LoginTests -->
